<?xml version="1.0" encoding="UTF-8"?>
<testsuite xmlns:xsi="http://www.w3.org/2001/XMLSchema-instance" xsi:noNamespaceSchemaLocation="https://maven.apache.org/surefire/maven-surefire-plugin/xsd/surefire-test-report-3.0.xsd" version="3.0" name="com.rumeysablog.runners.TestRunner" time="40.184" tests="7" errors="0" skipped="0" failures="0">
  <properties>
    <property name="java.specification.version" value="23"/>
    <property name="sun.cpu.isalist" value="amd64"/>
    <property name="sun.jnu.encoding" value="Cp1254"/>
    <property name="java.class.path" value="C:\Users\HASVET\Desktop\YapayZeka\target\test-classes;C:\Users\HASVET\Desktop\YapayZeka\target\classes;C:\Users\HASVET\.m2\repository\org\seleniumhq\selenium\selenium-java\4.16.1\selenium-java-4.16.1.jar;C:\Users\HASVET\.m2\repository\org\seleniumhq\selenium\selenium-api\4.16.1\selenium-api-4.16.1.jar;C:\Users\HASVET\.m2\repository\org\seleniumhq\selenium\selenium-chrome-driver\4.16.1\selenium-chrome-driver-4.16.1.jar;C:\Users\HASVET\.m2\repository\com\google\auto\service\auto-service-annotations\1.1.1\auto-service-annotations-1.1.1.jar;C:\Users\HASVET\.m2\repository\org\seleniumhq\selenium\selenium-chromium-driver\4.16.1\selenium-chromium-driver-4.16.1.jar;C:\Users\HASVET\.m2\repository\org\seleniumhq\selenium\selenium-json\4.16.1\selenium-json-4.16.1.jar;C:\Users\HASVET\.m2\repository\org\seleniumhq\selenium\selenium-manager\4.16.1\selenium-manager-4.16.1.jar;C:\Users\HASVET\.m2\repository\org\seleniumhq\selenium\selenium-devtools-v118\4.16.1\selenium-devtools-v118-4.16.1.jar;C:\Users\HASVET\.m2\repository\org\seleniumhq\selenium\selenium-devtools-v119\4.16.1\selenium-devtools-v119-4.16.1.jar;C:\Users\HASVET\.m2\repository\org\seleniumhq\selenium\selenium-devtools-v120\4.16.1\selenium-devtools-v120-4.16.1.jar;C:\Users\HASVET\.m2\repository\org\seleniumhq\selenium\selenium-devtools-v85\4.16.1\selenium-devtools-v85-4.16.1.jar;C:\Users\HASVET\.m2\repository\org\seleniumhq\selenium\selenium-edge-driver\4.16.1\selenium-edge-driver-4.16.1.jar;C:\Users\HASVET\.m2\repository\org\seleniumhq\selenium\selenium-firefox-driver\4.16.1\selenium-firefox-driver-4.16.1.jar;C:\Users\HASVET\.m2\repository\org\seleniumhq\selenium\selenium-http\4.16.1\selenium-http-4.16.1.jar;C:\Users\HASVET\.m2\repository\dev\failsafe\failsafe\3.3.2\failsafe-3.3.2.jar;C:\Users\HASVET\.m2\repository\org\seleniumhq\selenium\selenium-ie-driver\4.16.1\selenium-ie-driver-4.16.1.jar;C:\Users\HASVET\.m2\repository\org\seleniumhq\selenium\selenium-remote-driver\4.16.1\selenium-remote-driver-4.16.1.jar;C:\Users\HASVET\.m2\repository\com\google\guava\guava\32.1.2-jre\guava-32.1.2-jre.jar;C:\Users\HASVET\.m2\repository\com\google\guava\failureaccess\1.0.1\failureaccess-1.0.1.jar;C:\Users\HASVET\.m2\repository\com\google\guava\listenablefuture\9999.0-empty-to-avoid-conflict-with-guava\listenablefuture-9999.0-empty-to-avoid-conflict-with-guava.jar;C:\Users\HASVET\.m2\repository\com\google\code\findbugs\jsr305\3.0.2\jsr305-3.0.2.jar;C:\Users\HASVET\.m2\repository\org\checkerframework\checker-qual\3.33.0\checker-qual-3.33.0.jar;C:\Users\HASVET\.m2\repository\com\google\errorprone\error_prone_annotations\2.18.0\error_prone_annotations-2.18.0.jar;C:\Users\HASVET\.m2\repository\com\google\j2objc\j2objc-annotations\2.8\j2objc-annotations-2.8.jar;C:\Users\HASVET\.m2\repository\io\opentelemetry\opentelemetry-api\1.28.0\opentelemetry-api-1.28.0.jar;C:\Users\HASVET\.m2\repository\io\opentelemetry\opentelemetry-context\1.28.0\opentelemetry-context-1.28.0.jar;C:\Users\HASVET\.m2\repository\io\opentelemetry\opentelemetry-exporter-logging\1.28.0\opentelemetry-exporter-logging-1.28.0.jar;C:\Users\HASVET\.m2\repository\io\opentelemetry\opentelemetry-sdk-metrics\1.28.0\opentelemetry-sdk-metrics-1.28.0.jar;C:\Users\HASVET\.m2\repository\io\opentelemetry\opentelemetry-extension-incubator\1.28.0-alpha\opentelemetry-extension-incubator-1.28.0-alpha.jar;C:\Users\HASVET\.m2\repository\io\opentelemetry\opentelemetry-sdk-logs\1.28.0\opentelemetry-sdk-logs-1.28.0.jar;C:\Users\HASVET\.m2\repository\io\opentelemetry\opentelemetry-sdk-common\1.28.0\opentelemetry-sdk-common-1.28.0.jar;C:\Users\HASVET\.m2\repository\io\opentelemetry\opentelemetry-sdk-extension-autoconfigure-spi\1.28.0\opentelemetry-sdk-extension-autoconfigure-spi-1.28.0.jar;C:\Users\HASVET\.m2\repository\io\opentelemetry\opentelemetry-sdk-extension-autoconfigure\1.28.0\opentelemetry-sdk-extension-autoconfigure-1.28.0.jar;C:\Users\HASVET\.m2\repository\io\opentelemetry\opentelemetry-api-events\1.28.0-alpha\opentelemetry-api-events-1.28.0-alpha.jar;C:\Users\HASVET\.m2\repository\io\opentelemetry\opentelemetry-sdk-trace\1.28.0\opentelemetry-sdk-trace-1.28.0.jar;C:\Users\HASVET\.m2\repository\io\opentelemetry\opentelemetry-sdk\1.28.0\opentelemetry-sdk-1.28.0.jar;C:\Users\HASVET\.m2\repository\io\opentelemetry\opentelemetry-semconv\1.28.0-alpha\opentelemetry-semconv-1.28.0-alpha.jar;C:\Users\HASVET\.m2\repository\net\bytebuddy\byte-buddy\1.14.5\byte-buddy-1.14.5.jar;C:\Users\HASVET\.m2\repository\org\seleniumhq\selenium\selenium-os\4.16.1\selenium-os-4.16.1.jar;C:\Users\HASVET\.m2\repository\org\apache\commons\commons-exec\1.3\commons-exec-1.3.jar;C:\Users\HASVET\.m2\repository\org\seleniumhq\selenium\selenium-safari-driver\4.16.1\selenium-safari-driver-4.16.1.jar;C:\Users\HASVET\.m2\repository\org\seleniumhq\selenium\selenium-support\4.16.1\selenium-support-4.16.1.jar;C:\Users\HASVET\.m2\repository\io\cucumber\cucumber-java\7.14.0\cucumber-java-7.14.0.jar;C:\Users\HASVET\.m2\repository\io\cucumber\cucumber-core\7.14.0\cucumber-core-7.14.0.jar;C:\Users\HASVET\.m2\repository\io\cucumber\cucumber-gherkin\7.14.0\cucumber-gherkin-7.14.0.jar;C:\Users\HASVET\.m2\repository\io\cucumber\cucumber-gherkin-messages\7.14.0\cucumber-gherkin-messages-7.14.0.jar;C:\Users\HASVET\.m2\repository\io\cucumber\gherkin\26.2.0\gherkin-26.2.0.jar;C:\Users\HASVET\.m2\repository\io\cucumber\messages\22.0.0\messages-22.0.0.jar;C:\Users\HASVET\.m2\repository\io\cucumber\tag-expressions\5.0.6\tag-expressions-5.0.6.jar;C:\Users\HASVET\.m2\repository\io\cucumber\cucumber-expressions\16.1.2\cucumber-expressions-16.1.2.jar;C:\Users\HASVET\.m2\repository\io\cucumber\datatable\7.14.0\datatable-7.14.0.jar;C:\Users\HASVET\.m2\repository\io\cucumber\cucumber-plugin\7.14.0\cucumber-plugin-7.14.0.jar;C:\Users\HASVET\.m2\repository\io\cucumber\docstring\7.14.0\docstring-7.14.0.jar;C:\Users\HASVET\.m2\repository\io\cucumber\html-formatter\20.4.0\html-formatter-20.4.0.jar;C:\Users\HASVET\.m2\repository\io\cucumber\junit-xml-formatter\0.2.0\junit-xml-formatter-0.2.0.jar;C:\Users\HASVET\.m2\repository\io\cucumber\ci-environment\9.2.0\ci-environment-9.2.0.jar;C:\Users\HASVET\.m2\repository\org\apiguardian\apiguardian-api\1.1.2\apiguardian-api-1.1.2.jar;C:\Users\HASVET\.m2\repository\io\cucumber\cucumber-junit\7.14.0\cucumber-junit-7.14.0.jar;C:\Users\HASVET\.m2\repository\io\github\bonigarcia\webdrivermanager\5.6.2\webdrivermanager-5.6.2.jar;C:\Users\HASVET\.m2\repository\com\google\code\gson\gson\2.10.1\gson-2.10.1.jar;C:\Users\HASVET\.m2\repository\com\github\docker-java\docker-java\3.3.4\docker-java-3.3.4.jar;C:\Users\HASVET\.m2\repository\com\github\docker-java\docker-java-core\3.3.4\docker-java-core-3.3.4.jar;C:\Users\HASVET\.m2\repository\com\github\docker-java\docker-java-api\3.3.4\docker-java-api-3.3.4.jar;C:\Users\HASVET\.m2\repository\com\fasterxml\jackson\core\jackson-annotations\2.10.3\jackson-annotations-2.10.3.jar;C:\Users\HASVET\.m2\repository\commons-io\commons-io\2.13.0\commons-io-2.13.0.jar;C:\Users\HASVET\.m2\repository\com\fasterxml\jackson\core\jackson-databind\2.10.3\jackson-databind-2.10.3.jar;C:\Users\HASVET\.m2\repository\com\fasterxml\jackson\core\jackson-core\2.10.3\jackson-core-2.10.3.jar;C:\Users\HASVET\.m2\repository\org\bouncycastle\bcpkix-jdk18on\1.76\bcpkix-jdk18on-1.76.jar;C:\Users\HASVET\.m2\repository\org\bouncycastle\bcprov-jdk18on\1.76\bcprov-jdk18on-1.76.jar;C:\Users\HASVET\.m2\repository\org\bouncycastle\bcutil-jdk18on\1.76\bcutil-jdk18on-1.76.jar;C:\Users\HASVET\.m2\repository\org\slf4j\jcl-over-slf4j\1.7.30\jcl-over-slf4j-1.7.30.jar;C:\Users\HASVET\.m2\repository\com\github\docker-java\docker-java-transport-httpclient5\3.3.4\docker-java-transport-httpclient5-3.3.4.jar;C:\Users\HASVET\.m2\repository\com\github\docker-java\docker-java-transport\3.3.4\docker-java-transport-3.3.4.jar;C:\Users\HASVET\.m2\repository\net\java\dev\jna\jna\5.13.0\jna-5.13.0.jar;C:\Users\HASVET\.m2\repository\org\brotli\dec\0.1.2\dec-0.1.2.jar;C:\Users\HASVET\.m2\repository\org\apache\commons\commons-lang3\3.13.0\commons-lang3-3.13.0.jar;C:\Users\HASVET\.m2\repository\org\apache\commons\commons-compress\1.24.0\commons-compress-1.24.0.jar;C:\Users\HASVET\.m2\repository\org\apache\httpcomponents\client5\httpclient5\5.2.1\httpclient5-5.2.1.jar;C:\Users\HASVET\.m2\repository\org\apache\httpcomponents\core5\httpcore5\5.2\httpcore5-5.2.jar;C:\Users\HASVET\.m2\repository\org\apache\httpcomponents\core5\httpcore5-h2\5.2\httpcore5-h2-5.2.jar;C:\Users\HASVET\.m2\repository\junit\junit\4.13.2\junit-4.13.2.jar;C:\Users\HASVET\.m2\repository\org\hamcrest\hamcrest-core\1.3\hamcrest-core-1.3.jar;C:\Users\HASVET\.m2\repository\tech\grasshopper\extentreports-cucumber7-adapter\1.14.0\extentreports-cucumber7-adapter-1.14.0.jar;C:\Users\HASVET\.m2\repository\com\aventstack\extentreports\5.1.0\extentreports-5.1.0.jar;C:\Users\HASVET\.m2\repository\io\reactivex\rxjava3\rxjava\3.1.6\rxjava-3.1.6.jar;C:\Users\HASVET\.m2\repository\org\reactivestreams\reactive-streams\1.0.4\reactive-streams-1.0.4.jar;C:\Users\HASVET\.m2\repository\org\freemarker\freemarker\2.3.32\freemarker-2.3.32.jar;C:\Users\HASVET\.m2\repository\org\projectlombok\lombok\1.18.26\lombok-1.18.26.jar;C:\Users\HASVET\.m2\repository\tech\grasshopper\extent-pdf-report\2.12.0\extent-pdf-report-2.12.0.jar;C:\Users\HASVET\.m2\repository\tech\grasshopper\cucumber-pdf-report\2.14.0\cucumber-pdf-report-2.14.0.jar;C:\Users\HASVET\.m2\repository\org\apache\pdfbox\pdfbox\2.0.26\pdfbox-2.0.26.jar;C:\Users\HASVET\.m2\repository\org\apache\pdfbox\fontbox\2.0.26\fontbox-2.0.26.jar;C:\Users\HASVET\.m2\repository\org\knowm\xchart\xchart\3.8.0\xchart-3.8.0.jar;C:\Users\HASVET\.m2\repository\de\erichseifert\vectorgraphics2d\VectorGraphics2D\0.13\VectorGraphics2D-0.13.jar;C:\Users\HASVET\.m2\repository\de\rototor\pdfbox\graphics2d\0.30\graphics2d-0.30.jar;C:\Users\HASVET\.m2\repository\com\madgag\animated-gif-lib\1.4\animated-gif-lib-1.4.jar;C:\Users\HASVET\.m2\repository\org\yaml\snakeyaml\2.0\snakeyaml-2.0.jar;C:\Users\HASVET\.m2\repository\tech\grasshopper\table-layout\1.5.1\table-layout-1.5.1.jar;C:\Users\HASVET\.m2\repository\tech\grasshopper\rest-assured-cucumber-pdf-report\1.5.0\rest-assured-cucumber-pdf-report-1.5.0.jar;C:\Users\HASVET\.m2\repository\org\jsoup\jsoup\1.15.3\jsoup-1.15.3.jar;C:\Users\HASVET\.m2\repository\com\aventstack\klov-reporter\5.1.0\klov-reporter-5.1.0.jar;C:\Users\HASVET\.m2\repository\org\mongodb\mongodb-driver\3.6.4\mongodb-driver-3.6.4.jar;C:\Users\HASVET\.m2\repository\org\mongodb\mongodb-driver-core\3.6.4\mongodb-driver-core-3.6.4.jar;C:\Users\HASVET\.m2\repository\org\mongodb\bson\3.6.4\bson-3.6.4.jar;C:\Users\HASVET\.m2\repository\org\apache\httpcomponents\httpclient\4.5.13\httpclient-4.5.13.jar;C:\Users\HASVET\.m2\repository\org\apache\httpcomponents\httpcore\4.4.13\httpcore-4.4.13.jar;C:\Users\HASVET\.m2\repository\commons-logging\commons-logging\1.2\commons-logging-1.2.jar;C:\Users\HASVET\.m2\repository\commons-codec\commons-codec\1.11\commons-codec-1.11.jar;C:\Users\HASVET\.m2\repository\org\apache\httpcomponents\httpmime\4.5.13\httpmime-4.5.13.jar;C:\Users\HASVET\.m2\repository\tech\grasshopper\htmlextentreporter\1.1.0\htmlextentreporter-1.1.0.jar;C:\Users\HASVET\.m2\repository\tech\grasshopper\extent-excel-report\1.4.0\extent-excel-report-1.4.0.jar;C:\Users\HASVET\.m2\repository\org\apache\poi\poi\5.2.3\poi-5.2.3.jar;C:\Users\HASVET\.m2\repository\org\apache\commons\commons-collections4\4.4\commons-collections4-4.4.jar;C:\Users\HASVET\.m2\repository\org\apache\commons\commons-math3\3.6.1\commons-math3-3.6.1.jar;C:\Users\HASVET\.m2\repository\com\zaxxer\SparseBitSet\1.2\SparseBitSet-1.2.jar;C:\Users\HASVET\.m2\repository\org\apache\logging\log4j\log4j-api\2.18.0\log4j-api-2.18.0.jar;C:\Users\HASVET\.m2\repository\org\apache\poi\poi-ooxml\5.2.3\poi-ooxml-5.2.3.jar;C:\Users\HASVET\.m2\repository\org\apache\poi\poi-ooxml-lite\5.2.3\poi-ooxml-lite-5.2.3.jar;C:\Users\HASVET\.m2\repository\org\apache\xmlbeans\xmlbeans\5.1.1\xmlbeans-5.1.1.jar;C:\Users\HASVET\.m2\repository\com\github\virtuald\curvesapi\1.07\curvesapi-1.07.jar;C:\Users\HASVET\.m2\repository\org\slf4j\slf4j-api\2.0.7\slf4j-api-2.0.7.jar;C:\Users\HASVET\.m2\repository\org\slf4j\slf4j-simple\2.0.7\slf4j-simple-2.0.7.jar;"/>
    <property name="java.vm.vendor" value="Oracle Corporation"/>
    <property name="sun.arch.data.model" value="64"/>
    <property name="user.variant" value=""/>
    <property name="java.vendor.url" value="https://java.oracle.com/"/>
    <property name="user.timezone" value="Europe/Istanbul"/>
    <property name="os.name" value="Windows 11"/>
    <property name="java.vm.specification.version" value="23"/>
    <property name="sun.java.launcher" value="SUN_STANDARD"/>
    <property name="user.country" value="TR"/>
    <property name="sun.boot.library.path" value="C:\Program Files\Java\jdk-23\bin"/>
    <property name="sun.java.command" value="C:\Users\HASVET\AppData\Local\Temp\surefire650851300037371067\surefirebooter10469544536529613092.jar C:\Users\HASVET\AppData\Local\Temp\surefire650851300037371067 2025-01-21T11-02-31_056-jvmRun1 surefire8603242177968903691tmp surefire_011956819506771178231tmp"/>
    <property name="jdk.debug" value="release"/>
    <property name="surefire.test.class.path" value="C:\Users\HASVET\Desktop\YapayZeka\target\test-classes;C:\Users\HASVET\Desktop\YapayZeka\target\classes;C:\Users\HASVET\.m2\repository\org\seleniumhq\selenium\selenium-java\4.16.1\selenium-java-4.16.1.jar;C:\Users\HASVET\.m2\repository\org\seleniumhq\selenium\selenium-api\4.16.1\selenium-api-4.16.1.jar;C:\Users\HASVET\.m2\repository\org\seleniumhq\selenium\selenium-chrome-driver\4.16.1\selenium-chrome-driver-4.16.1.jar;C:\Users\HASVET\.m2\repository\com\google\auto\service\auto-service-annotations\1.1.1\auto-service-annotations-1.1.1.jar;C:\Users\HASVET\.m2\repository\org\seleniumhq\selenium\selenium-chromium-driver\4.16.1\selenium-chromium-driver-4.16.1.jar;C:\Users\HASVET\.m2\repository\org\seleniumhq\selenium\selenium-json\4.16.1\selenium-json-4.16.1.jar;C:\Users\HASVET\.m2\repository\org\seleniumhq\selenium\selenium-manager\4.16.1\selenium-manager-4.16.1.jar;C:\Users\HASVET\.m2\repository\org\seleniumhq\selenium\selenium-devtools-v118\4.16.1\selenium-devtools-v118-4.16.1.jar;C:\Users\HASVET\.m2\repository\org\seleniumhq\selenium\selenium-devtools-v119\4.16.1\selenium-devtools-v119-4.16.1.jar;C:\Users\HASVET\.m2\repository\org\seleniumhq\selenium\selenium-devtools-v120\4.16.1\selenium-devtools-v120-4.16.1.jar;C:\Users\HASVET\.m2\repository\org\seleniumhq\selenium\selenium-devtools-v85\4.16.1\selenium-devtools-v85-4.16.1.jar;C:\Users\HASVET\.m2\repository\org\seleniumhq\selenium\selenium-edge-driver\4.16.1\selenium-edge-driver-4.16.1.jar;C:\Users\HASVET\.m2\repository\org\seleniumhq\selenium\selenium-firefox-driver\4.16.1\selenium-firefox-driver-4.16.1.jar;C:\Users\HASVET\.m2\repository\org\seleniumhq\selenium\selenium-http\4.16.1\selenium-http-4.16.1.jar;C:\Users\HASVET\.m2\repository\dev\failsafe\failsafe\3.3.2\failsafe-3.3.2.jar;C:\Users\HASVET\.m2\repository\org\seleniumhq\selenium\selenium-ie-driver\4.16.1\selenium-ie-driver-4.16.1.jar;C:\Users\HASVET\.m2\repository\org\seleniumhq\selenium\selenium-remote-driver\4.16.1\selenium-remote-driver-4.16.1.jar;C:\Users\HASVET\.m2\repository\com\google\guava\guava\32.1.2-jre\guava-32.1.2-jre.jar;C:\Users\HASVET\.m2\repository\com\google\guava\failureaccess\1.0.1\failureaccess-1.0.1.jar;C:\Users\HASVET\.m2\repository\com\google\guava\listenablefuture\9999.0-empty-to-avoid-conflict-with-guava\listenablefuture-9999.0-empty-to-avoid-conflict-with-guava.jar;C:\Users\HASVET\.m2\repository\com\google\code\findbugs\jsr305\3.0.2\jsr305-3.0.2.jar;C:\Users\HASVET\.m2\repository\org\checkerframework\checker-qual\3.33.0\checker-qual-3.33.0.jar;C:\Users\HASVET\.m2\repository\com\google\errorprone\error_prone_annotations\2.18.0\error_prone_annotations-2.18.0.jar;C:\Users\HASVET\.m2\repository\com\google\j2objc\j2objc-annotations\2.8\j2objc-annotations-2.8.jar;C:\Users\HASVET\.m2\repository\io\opentelemetry\opentelemetry-api\1.28.0\opentelemetry-api-1.28.0.jar;C:\Users\HASVET\.m2\repository\io\opentelemetry\opentelemetry-context\1.28.0\opentelemetry-context-1.28.0.jar;C:\Users\HASVET\.m2\repository\io\opentelemetry\opentelemetry-exporter-logging\1.28.0\opentelemetry-exporter-logging-1.28.0.jar;C:\Users\HASVET\.m2\repository\io\opentelemetry\opentelemetry-sdk-metrics\1.28.0\opentelemetry-sdk-metrics-1.28.0.jar;C:\Users\HASVET\.m2\repository\io\opentelemetry\opentelemetry-extension-incubator\1.28.0-alpha\opentelemetry-extension-incubator-1.28.0-alpha.jar;C:\Users\HASVET\.m2\repository\io\opentelemetry\opentelemetry-sdk-logs\1.28.0\opentelemetry-sdk-logs-1.28.0.jar;C:\Users\HASVET\.m2\repository\io\opentelemetry\opentelemetry-sdk-common\1.28.0\opentelemetry-sdk-common-1.28.0.jar;C:\Users\HASVET\.m2\repository\io\opentelemetry\opentelemetry-sdk-extension-autoconfigure-spi\1.28.0\opentelemetry-sdk-extension-autoconfigure-spi-1.28.0.jar;C:\Users\HASVET\.m2\repository\io\opentelemetry\opentelemetry-sdk-extension-autoconfigure\1.28.0\opentelemetry-sdk-extension-autoconfigure-1.28.0.jar;C:\Users\HASVET\.m2\repository\io\opentelemetry\opentelemetry-api-events\1.28.0-alpha\opentelemetry-api-events-1.28.0-alpha.jar;C:\Users\HASVET\.m2\repository\io\opentelemetry\opentelemetry-sdk-trace\1.28.0\opentelemetry-sdk-trace-1.28.0.jar;C:\Users\HASVET\.m2\repository\io\opentelemetry\opentelemetry-sdk\1.28.0\opentelemetry-sdk-1.28.0.jar;C:\Users\HASVET\.m2\repository\io\opentelemetry\opentelemetry-semconv\1.28.0-alpha\opentelemetry-semconv-1.28.0-alpha.jar;C:\Users\HASVET\.m2\repository\net\bytebuddy\byte-buddy\1.14.5\byte-buddy-1.14.5.jar;C:\Users\HASVET\.m2\repository\org\seleniumhq\selenium\selenium-os\4.16.1\selenium-os-4.16.1.jar;C:\Users\HASVET\.m2\repository\org\apache\commons\commons-exec\1.3\commons-exec-1.3.jar;C:\Users\HASVET\.m2\repository\org\seleniumhq\selenium\selenium-safari-driver\4.16.1\selenium-safari-driver-4.16.1.jar;C:\Users\HASVET\.m2\repository\org\seleniumhq\selenium\selenium-support\4.16.1\selenium-support-4.16.1.jar;C:\Users\HASVET\.m2\repository\io\cucumber\cucumber-java\7.14.0\cucumber-java-7.14.0.jar;C:\Users\HASVET\.m2\repository\io\cucumber\cucumber-core\7.14.0\cucumber-core-7.14.0.jar;C:\Users\HASVET\.m2\repository\io\cucumber\cucumber-gherkin\7.14.0\cucumber-gherkin-7.14.0.jar;C:\Users\HASVET\.m2\repository\io\cucumber\cucumber-gherkin-messages\7.14.0\cucumber-gherkin-messages-7.14.0.jar;C:\Users\HASVET\.m2\repository\io\cucumber\gherkin\26.2.0\gherkin-26.2.0.jar;C:\Users\HASVET\.m2\repository\io\cucumber\messages\22.0.0\messages-22.0.0.jar;C:\Users\HASVET\.m2\repository\io\cucumber\tag-expressions\5.0.6\tag-expressions-5.0.6.jar;C:\Users\HASVET\.m2\repository\io\cucumber\cucumber-expressions\16.1.2\cucumber-expressions-16.1.2.jar;C:\Users\HASVET\.m2\repository\io\cucumber\datatable\7.14.0\datatable-7.14.0.jar;C:\Users\HASVET\.m2\repository\io\cucumber\cucumber-plugin\7.14.0\cucumber-plugin-7.14.0.jar;C:\Users\HASVET\.m2\repository\io\cucumber\docstring\7.14.0\docstring-7.14.0.jar;C:\Users\HASVET\.m2\repository\io\cucumber\html-formatter\20.4.0\html-formatter-20.4.0.jar;C:\Users\HASVET\.m2\repository\io\cucumber\junit-xml-formatter\0.2.0\junit-xml-formatter-0.2.0.jar;C:\Users\HASVET\.m2\repository\io\cucumber\ci-environment\9.2.0\ci-environment-9.2.0.jar;C:\Users\HASVET\.m2\repository\org\apiguardian\apiguardian-api\1.1.2\apiguardian-api-1.1.2.jar;C:\Users\HASVET\.m2\repository\io\cucumber\cucumber-junit\7.14.0\cucumber-junit-7.14.0.jar;C:\Users\HASVET\.m2\repository\io\github\bonigarcia\webdrivermanager\5.6.2\webdrivermanager-5.6.2.jar;C:\Users\HASVET\.m2\repository\com\google\code\gson\gson\2.10.1\gson-2.10.1.jar;C:\Users\HASVET\.m2\repository\com\github\docker-java\docker-java\3.3.4\docker-java-3.3.4.jar;C:\Users\HASVET\.m2\repository\com\github\docker-java\docker-java-core\3.3.4\docker-java-core-3.3.4.jar;C:\Users\HASVET\.m2\repository\com\github\docker-java\docker-java-api\3.3.4\docker-java-api-3.3.4.jar;C:\Users\HASVET\.m2\repository\com\fasterxml\jackson\core\jackson-annotations\2.10.3\jackson-annotations-2.10.3.jar;C:\Users\HASVET\.m2\repository\commons-io\commons-io\2.13.0\commons-io-2.13.0.jar;C:\Users\HASVET\.m2\repository\com\fasterxml\jackson\core\jackson-databind\2.10.3\jackson-databind-2.10.3.jar;C:\Users\HASVET\.m2\repository\com\fasterxml\jackson\core\jackson-core\2.10.3\jackson-core-2.10.3.jar;C:\Users\HASVET\.m2\repository\org\bouncycastle\bcpkix-jdk18on\1.76\bcpkix-jdk18on-1.76.jar;C:\Users\HASVET\.m2\repository\org\bouncycastle\bcprov-jdk18on\1.76\bcprov-jdk18on-1.76.jar;C:\Users\HASVET\.m2\repository\org\bouncycastle\bcutil-jdk18on\1.76\bcutil-jdk18on-1.76.jar;C:\Users\HASVET\.m2\repository\org\slf4j\jcl-over-slf4j\1.7.30\jcl-over-slf4j-1.7.30.jar;C:\Users\HASVET\.m2\repository\com\github\docker-java\docker-java-transport-httpclient5\3.3.4\docker-java-transport-httpclient5-3.3.4.jar;C:\Users\HASVET\.m2\repository\com\github\docker-java\docker-java-transport\3.3.4\docker-java-transport-3.3.4.jar;C:\Users\HASVET\.m2\repository\net\java\dev\jna\jna\5.13.0\jna-5.13.0.jar;C:\Users\HASVET\.m2\repository\org\brotli\dec\0.1.2\dec-0.1.2.jar;C:\Users\HASVET\.m2\repository\org\apache\commons\commons-lang3\3.13.0\commons-lang3-3.13.0.jar;C:\Users\HASVET\.m2\repository\org\apache\commons\commons-compress\1.24.0\commons-compress-1.24.0.jar;C:\Users\HASVET\.m2\repository\org\apache\httpcomponents\client5\httpclient5\5.2.1\httpclient5-5.2.1.jar;C:\Users\HASVET\.m2\repository\org\apache\httpcomponents\core5\httpcore5\5.2\httpcore5-5.2.jar;C:\Users\HASVET\.m2\repository\org\apache\httpcomponents\core5\httpcore5-h2\5.2\httpcore5-h2-5.2.jar;C:\Users\HASVET\.m2\repository\junit\junit\4.13.2\junit-4.13.2.jar;C:\Users\HASVET\.m2\repository\org\hamcrest\hamcrest-core\1.3\hamcrest-core-1.3.jar;C:\Users\HASVET\.m2\repository\tech\grasshopper\extentreports-cucumber7-adapter\1.14.0\extentreports-cucumber7-adapter-1.14.0.jar;C:\Users\HASVET\.m2\repository\com\aventstack\extentreports\5.1.0\extentreports-5.1.0.jar;C:\Users\HASVET\.m2\repository\io\reactivex\rxjava3\rxjava\3.1.6\rxjava-3.1.6.jar;C:\Users\HASVET\.m2\repository\org\reactivestreams\reactive-streams\1.0.4\reactive-streams-1.0.4.jar;C:\Users\HASVET\.m2\repository\org\freemarker\freemarker\2.3.32\freemarker-2.3.32.jar;C:\Users\HASVET\.m2\repository\org\projectlombok\lombok\1.18.26\lombok-1.18.26.jar;C:\Users\HASVET\.m2\repository\tech\grasshopper\extent-pdf-report\2.12.0\extent-pdf-report-2.12.0.jar;C:\Users\HASVET\.m2\repository\tech\grasshopper\cucumber-pdf-report\2.14.0\cucumber-pdf-report-2.14.0.jar;C:\Users\HASVET\.m2\repository\org\apache\pdfbox\pdfbox\2.0.26\pdfbox-2.0.26.jar;C:\Users\HASVET\.m2\repository\org\apache\pdfbox\fontbox\2.0.26\fontbox-2.0.26.jar;C:\Users\HASVET\.m2\repository\org\knowm\xchart\xchart\3.8.0\xchart-3.8.0.jar;C:\Users\HASVET\.m2\repository\de\erichseifert\vectorgraphics2d\VectorGraphics2D\0.13\VectorGraphics2D-0.13.jar;C:\Users\HASVET\.m2\repository\de\rototor\pdfbox\graphics2d\0.30\graphics2d-0.30.jar;C:\Users\HASVET\.m2\repository\com\madgag\animated-gif-lib\1.4\animated-gif-lib-1.4.jar;C:\Users\HASVET\.m2\repository\org\yaml\snakeyaml\2.0\snakeyaml-2.0.jar;C:\Users\HASVET\.m2\repository\tech\grasshopper\table-layout\1.5.1\table-layout-1.5.1.jar;C:\Users\HASVET\.m2\repository\tech\grasshopper\rest-assured-cucumber-pdf-report\1.5.0\rest-assured-cucumber-pdf-report-1.5.0.jar;C:\Users\HASVET\.m2\repository\org\jsoup\jsoup\1.15.3\jsoup-1.15.3.jar;C:\Users\HASVET\.m2\repository\com\aventstack\klov-reporter\5.1.0\klov-reporter-5.1.0.jar;C:\Users\HASVET\.m2\repository\org\mongodb\mongodb-driver\3.6.4\mongodb-driver-3.6.4.jar;C:\Users\HASVET\.m2\repository\org\mongodb\mongodb-driver-core\3.6.4\mongodb-driver-core-3.6.4.jar;C:\Users\HASVET\.m2\repository\org\mongodb\bson\3.6.4\bson-3.6.4.jar;C:\Users\HASVET\.m2\repository\org\apache\httpcomponents\httpclient\4.5.13\httpclient-4.5.13.jar;C:\Users\HASVET\.m2\repository\org\apache\httpcomponents\httpcore\4.4.13\httpcore-4.4.13.jar;C:\Users\HASVET\.m2\repository\commons-logging\commons-logging\1.2\commons-logging-1.2.jar;C:\Users\HASVET\.m2\repository\commons-codec\commons-codec\1.11\commons-codec-1.11.jar;C:\Users\HASVET\.m2\repository\org\apache\httpcomponents\httpmime\4.5.13\httpmime-4.5.13.jar;C:\Users\HASVET\.m2\repository\tech\grasshopper\htmlextentreporter\1.1.0\htmlextentreporter-1.1.0.jar;C:\Users\HASVET\.m2\repository\tech\grasshopper\extent-excel-report\1.4.0\extent-excel-report-1.4.0.jar;C:\Users\HASVET\.m2\repository\org\apache\poi\poi\5.2.3\poi-5.2.3.jar;C:\Users\HASVET\.m2\repository\org\apache\commons\commons-collections4\4.4\commons-collections4-4.4.jar;C:\Users\HASVET\.m2\repository\org\apache\commons\commons-math3\3.6.1\commons-math3-3.6.1.jar;C:\Users\HASVET\.m2\repository\com\zaxxer\SparseBitSet\1.2\SparseBitSet-1.2.jar;C:\Users\HASVET\.m2\repository\org\apache\logging\log4j\log4j-api\2.18.0\log4j-api-2.18.0.jar;C:\Users\HASVET\.m2\repository\org\apache\poi\poi-ooxml\5.2.3\poi-ooxml-5.2.3.jar;C:\Users\HASVET\.m2\repository\org\apache\poi\poi-ooxml-lite\5.2.3\poi-ooxml-lite-5.2.3.jar;C:\Users\HASVET\.m2\repository\org\apache\xmlbeans\xmlbeans\5.1.1\xmlbeans-5.1.1.jar;C:\Users\HASVET\.m2\repository\com\github\virtuald\curvesapi\1.07\curvesapi-1.07.jar;C:\Users\HASVET\.m2\repository\org\slf4j\slf4j-api\2.0.7\slf4j-api-2.0.7.jar;C:\Users\HASVET\.m2\repository\org\slf4j\slf4j-simple\2.0.7\slf4j-simple-2.0.7.jar;"/>
    <property name="sun.cpu.endian" value="little"/>
    <property name="user.home" value="C:\Users\HASVET"/>
    <property name="user.language" value="tr"/>
    <property name="java.specification.vendor" value="Oracle Corporation"/>
    <property name="java.version.date" value="2024-10-15"/>
    <property name="java.home" value="C:\Program Files\Java\jdk-23"/>
    <property name="file.separator" value="\"/>
    <property name="basedir" value="C:\Users\HASVET\Desktop\YapayZeka"/>
    <property name="java.vm.compressedOopsMode" value="Zero based"/>
    <property name="line.separator" value="&#10;"/>
    <property name="java.vm.specification.vendor" value="Oracle Corporation"/>
    <property name="java.specification.name" value="Java Platform API Specification"/>
    <property name="surefire.real.class.path" value="C:\Users\HASVET\AppData\Local\Temp\surefire650851300037371067\surefirebooter10469544536529613092.jar"/>
    <property name="user.script" value=""/>
    <property name="sun.management.compiler" value="HotSpot 64-Bit Tiered Compilers"/>
    <property name="java.runtime.version" value="23.0.1+11-39"/>
    <property name="user.name" value="HASVET"/>
    <property name="stdout.encoding" value="Cp1254"/>
    <property name="path.separator" value=";"/>
    <property name="os.version" value="10.0"/>
    <property name="java.runtime.name" value="Java(TM) SE Runtime Environment"/>
    <property name="file.encoding" value="UTF-8"/>
    <property name="java.vm.name" value="Java HotSpot(TM) 64-Bit Server VM"/>
    <property name="localRepository" value="C:\Users\HASVET\.m2\repository"/>
    <property name="java.vendor.url.bug" value="https://bugreport.java.com/bugreport/"/>
    <property name="java.io.tmpdir" value="C:\Users\HASVET\AppData\Local\Temp\"/>
    <property name="java.version" value="23.0.1"/>
    <property name="user.dir" value="C:\Users\HASVET\Desktop\YapayZeka"/>
    <property name="os.arch" value="amd64"/>
    <property name="java.vm.specification.name" value="Java Virtual Machine Specification"/>
    <property name="sun.os.patch.level" value=""/>
    <property name="native.encoding" value="Cp1254"/>
    <property name="java.library.path" value="C:\Program Files\Java\jdk-23\bin;C:\Windows\Sun\Java\bin;C:\Windows\system32;C:\Windows;C:\Program Files\Common Files\Oracle\Java\javapath;C:\Windows\system32;C:\Windows;C:\Windows\System32\Wbem;C:\Windows\System32\WindowsPowerShell\v1.0\;C:\Windows\System32\OpenSSH\;C:\Program Files\Google\Google Apps Sync\;C:\Program Files\nodejs\;C:\Program Files\Java\jdk-23\bin;C:\Program Files\Java\jdk-23\bin;C:\Program Files\apache-maven-3.9.9\bin;C:\Users\HASVET\AppData\Local\Microsoft\WindowsApps;C:\Users\HASVET\AppData\Local\Programs\Microsoft VS Code\bin;C:\Users\HASVET\AppData\Local\Programs\Windsurf\bin;C:\Users\HASVET\AppData\Roaming\npm;C:\Program Files\Java\jdk-23\bin;;."/>
    <property name="java.vm.info" value="mixed mode, sharing"/>
    <property name="stderr.encoding" value="Cp1254"/>
    <property name="java.vendor" value="Oracle Corporation"/>
    <property name="java.vm.version" value="23.0.1+11-39"/>
    <property name="sun.io.unicode.encoding" value="UnicodeLittle"/>
    <property name="java.class.version" value="67.0"/>
  </properties>
  <testcase name="Kullanıcı blog anasayfasındaki temel bilgileri görebilmeli" classname="Blog Anasayfa Testleri" time="9.255">
    <system-out><![CDATA[
@ui @regression @smoke
Scenario: Kullanıcı blog anasayfasındaki temel bilgileri görebilmeli   # src/test/resources/features/home.feature:5

    Test Başlangıç Zamanı: 2025-01-21T11:02:41.222731800


    Browser: chrome

  Given kullanıcı blog anasayfasında                                   # com.rumeysablog.steps.HomePageSteps.kullaniciBlogAnasayfasinda()
  Then kullanıcı "Nazife Rumeysa Kısacık" ismini görmeli               # com.rumeysablog.steps.HomePageSteps.kullaniciIsmiGormeli(java.lang.String)
  And kullanıcı "Full Stack Automation Test Engineer" ünvanını görmeli # com.rumeysablog.steps.HomePageSteps.kullaniciUnvaniGormeli(java.lang.String)
  And kullanıcı aşağıdaki navigasyon linklerini görmeli                # com.rumeysablog.steps.HomePageSteps.kullaniciNavigasyonLinlkeriniGormeli(java.util.List<java.lang.String>)
    | Ana Sayfa |
    | Hakkımda  |
    | Blog      |
    | İletişim  |
]]></system-out>
    <system-err><![CDATA[[main] INFO com.rumeysablog.utils.DriverManager - Initializing chrome browser
[main] INFO io.github.bonigarcia.wdm.WebDriverManager - Using chromedriver 132.0.6834.83 (resolved driver for Chrome 132)
[main] INFO io.github.bonigarcia.wdm.online.Downloader - Downloading https://storage.googleapis.com/chrome-for-testing-public/132.0.6834.83/win64/chromedriver-win64.zip
[main] INFO io.github.bonigarcia.wdm.online.Downloader - Extracting driver from compressed file chromedriver-win64.zip
[main] INFO io.github.bonigarcia.wdm.WebDriverManager - Exporting webdriver.chrome.driver as C:\Users\HASVET\.cache\selenium\chromedriver\win64\132.0.6834.83\chromedriver.exe
Oca 21, 2025 11:02:40 ÖÖ org.openqa.selenium.devtools.CdpVersionFinder findNearestMatch
WARNING: Unable to find CDP implementation matching 132
Oca 21, 2025 11:02:40 ÖÖ org.openqa.selenium.chromium.ChromiumDriver lambda$new$5
WARNING: Unable to find version of CDP to use for 132.0.6834.83. You may need to include a dependency on a specific version of the CDP using something similar to `org.seleniumhq.selenium:selenium-devtools-v86:4.16.1` where the version ("v86") matches the version of the chromium-based browser you're using and the version number of the artifact is the same as Selenium's.
[main] INFO com.rumeysablog.hooks.TestHooks - Senaryo başlıyor: Kullanıcı blog anasayfasındaki temel bilgileri görebilmeli
[main] INFO com.rumeysablog.steps.HomePageSteps - Blog anasayfası açılıyor
[main] INFO com.rumeysablog.steps.HomePageSteps - İsim kontrolü yapılıyor: Nazife Rumeysa Kısacık
[main] INFO com.rumeysablog.pages.BasePage - Waiting for element to be visible: [[ChromeDriver: chrome on windows (485e48d8e597fdd9186a79c391ff2346)] -> css selector: .hero-content h1]
[main] INFO com.rumeysablog.pages.BasePage - Waiting for element to be visible: [[ChromeDriver: chrome on windows (485e48d8e597fdd9186a79c391ff2346)] -> css selector: .hero-content h2]
[main] INFO com.rumeysablog.pages.BasePage - Waiting for element to be visible: [[ChromeDriver: chrome on windows (485e48d8e597fdd9186a79c391ff2346)] -> css selector: .nav-links li a]
[main] INFO com.rumeysablog.hooks.TestHooks - Senaryo başarıyla tamamlandı: Kullanıcı blog anasayfasındaki temel bilgileri görebilmeli
[main] INFO com.rumeysablog.utils.DriverManager - Closing browser
]]></system-err>
  </testcase>
  <testcase name="Kullanıcı sosyal medya linklerini görebilmeli" classname="Blog Anasayfa Testleri" time="4.218">
    <system-out><![CDATA[
@ui @regression @smoke
Scenario: Kullanıcı sosyal medya linklerini görebilmeli # src/test/resources/features/home.feature:16

    Test Başlangıç Zamanı: 2025-01-21T11:02:44.459482600


    Browser: chrome

  Given kullanıcı blog anasayfasında                    # com.rumeysablog.steps.HomePageSteps.kullaniciBlogAnasayfasinda()
  Then kullanıcı LinkedIn profil linkini görmeli        # com.rumeysablog.steps.HomePageSteps.kullaniciLinkedInLinkiniGormeli()
  And kullanıcı GitHub profil linkini görmeli           # com.rumeysablog.steps.HomePageSteps.kullaniciGitHubLinkiniGormeli()
]]></system-out>
    <system-err><![CDATA[[main] INFO com.rumeysablog.utils.DriverManager - Initializing chrome browser
[main] INFO io.github.bonigarcia.wdm.WebDriverManager - Using chromedriver 132.0.6834.83 (resolved driver for Chrome 132)
[main] INFO io.github.bonigarcia.wdm.WebDriverManager - Exporting webdriver.chrome.driver as C:\Users\HASVET\.cache\selenium\chromedriver\win64\132.0.6834.83\chromedriver.exe
Oca 21, 2025 11:02:44 ÖÖ org.openqa.selenium.devtools.CdpVersionFinder findNearestMatch
WARNING: Unable to find CDP implementation matching 132
Oca 21, 2025 11:02:44 ÖÖ org.openqa.selenium.chromium.ChromiumDriver lambda$new$5
WARNING: Unable to find version of CDP to use for 132.0.6834.83. You may need to include a dependency on a specific version of the CDP using something similar to `org.seleniumhq.selenium:selenium-devtools-v86:4.16.1` where the version ("v86") matches the version of the chromium-based browser you're using and the version number of the artifact is the same as Selenium's.
[main] INFO com.rumeysablog.hooks.TestHooks - Senaryo başlıyor: Kullanıcı sosyal medya linklerini görebilmeli
[main] INFO com.rumeysablog.steps.HomePageSteps - Blog anasayfası açılıyor
[main] INFO com.rumeysablog.pages.BasePage - Waiting for element to be visible: [[ChromeDriver: chrome on windows (e87b5e36abc3258682fc9def253eb51d)] -> css selector: .hero-social .fa-linkedin]
[main] INFO com.rumeysablog.pages.BasePage - Waiting for element to be visible: [[ChromeDriver: chrome on windows (e87b5e36abc3258682fc9def253eb51d)] -> css selector: .hero-social .fa-github]
[main] INFO com.rumeysablog.hooks.TestHooks - Senaryo başarıyla tamamlandı: Kullanıcı sosyal medya linklerini görebilmeli
[main] INFO com.rumeysablog.utils.DriverManager - Closing browser
]]></system-err>
  </testcase>
  <testcase name="Kullanıcı hakkımda bölümünü görüntüleyebilmeli" classname="Blog Anasayfa Testleri" time="3.936">
    <system-out><![CDATA[
@ui @regression
Scenario: Kullanıcı hakkımda bölümünü görüntüleyebilmeli # src/test/resources/features/home.feature:21

    Test Başlangıç Zamanı: 2025-01-21T11:02:48.835618100


    Browser: chrome

  Given kullanıcı blog anasayfasında                     # com.rumeysablog.steps.HomePageSteps.kullaniciBlogAnasayfasinda()
  When kullanıcı Hakkımda bölümüne gider                 # com.rumeysablog.steps.HomePageSteps.kullaniciHakkimdaBolumuneGider()
  Then kullanıcı yetenekler bölümünü görmeli             # com.rumeysablog.steps.HomePageSteps.kullaniciYeteneklerBolumunuGormeli()
  And kullanıcı deneyim bölümünü görmeli                 # com.rumeysablog.steps.HomePageSteps.kullaniciDeneyimBolumunuGormeli()
  And kullanıcı eğitim bölümünü görmeli                  # com.rumeysablog.steps.HomePageSteps.kullaniciEgitimBolumunuGormeli()
]]></system-out>
    <system-err><![CDATA[[main] INFO com.rumeysablog.utils.DriverManager - Initializing chrome browser
[main] INFO io.github.bonigarcia.wdm.WebDriverManager - Using chromedriver 132.0.6834.83 (resolved driver for Chrome 132)
[main] INFO io.github.bonigarcia.wdm.WebDriverManager - Exporting webdriver.chrome.driver as C:\Users\HASVET\.cache\selenium\chromedriver\win64\132.0.6834.83\chromedriver.exe
Oca 21, 2025 11:02:48 ÖÖ org.openqa.selenium.devtools.CdpVersionFinder findNearestMatch
WARNING: Unable to find CDP implementation matching 132
Oca 21, 2025 11:02:48 ÖÖ org.openqa.selenium.chromium.ChromiumDriver lambda$new$5
WARNING: Unable to find version of CDP to use for 132.0.6834.83. You may need to include a dependency on a specific version of the CDP using something similar to `org.seleniumhq.selenium:selenium-devtools-v86:4.16.1` where the version ("v86") matches the version of the chromium-based browser you're using and the version number of the artifact is the same as Selenium's.
[main] INFO com.rumeysablog.hooks.TestHooks - Senaryo başlıyor: Kullanıcı hakkımda bölümünü görüntüleyebilmeli
[main] INFO com.rumeysablog.steps.HomePageSteps - Blog anasayfası açılıyor
[main] INFO com.rumeysablog.pages.BasePage - Waiting for element to be visible: [[ChromeDriver: chrome on windows (330899bbd947c981e351b40fa305991b)] -> css selector: .skills-section]
[main] INFO com.rumeysablog.pages.BasePage - Waiting for element to be visible: [[ChromeDriver: chrome on windows (330899bbd947c981e351b40fa305991b)] -> css selector: .experience-section]
[main] INFO com.rumeysablog.pages.BasePage - Waiting for element to be visible: [[ChromeDriver: chrome on windows (330899bbd947c981e351b40fa305991b)] -> css selector: .education-section]
[main] INFO com.rumeysablog.hooks.TestHooks - Senaryo başarıyla tamamlandı: Kullanıcı hakkımda bölümünü görüntüleyebilmeli
[main] INFO com.rumeysablog.utils.DriverManager - Closing browser
]]></system-err>
  </testcase>
  <testcase name="Anasayfadaki kişisel bilgilerin doğrulanması" classname="Blog Anasayfa Fonksiyonları" time="3.678">
    <system-out><![CDATA[
Scenario: Anasayfadaki kişisel bilgilerin doğrulanması                 # src/test/resources/features/homepage.feature:6

    Test Başlangıç Zamanı: 2025-01-21T11:02:52.781632100


    Browser: chrome

  Given kullanıcı blog anasayfasında                                   # com.rumeysablog.steps.HomePageSteps.kullaniciBlogAnasayfasinda()
  Then kullanıcı "Nazife Rumeysa Kısacık" ismini görmeli               # com.rumeysablog.steps.HomePageSteps.kullaniciIsmiGormeli(java.lang.String)
  And kullanıcı "Full Stack Automation Test Engineer" ünvanını görmeli # com.rumeysablog.steps.HomePageSteps.kullaniciUnvaniGormeli(java.lang.String)
]]></system-out>
    <system-err><![CDATA[[main] INFO com.rumeysablog.utils.DriverManager - Initializing chrome browser
[main] INFO io.github.bonigarcia.wdm.WebDriverManager - Using chromedriver 132.0.6834.83 (resolved driver for Chrome 132)
[main] INFO io.github.bonigarcia.wdm.WebDriverManager - Exporting webdriver.chrome.driver as C:\Users\HASVET\.cache\selenium\chromedriver\win64\132.0.6834.83\chromedriver.exe
Oca 21, 2025 11:02:52 ÖÖ org.openqa.selenium.devtools.CdpVersionFinder findNearestMatch
WARNING: Unable to find CDP implementation matching 132
Oca 21, 2025 11:02:52 ÖÖ org.openqa.selenium.chromium.ChromiumDriver lambda$new$5
WARNING: Unable to find version of CDP to use for 132.0.6834.83. You may need to include a dependency on a specific version of the CDP using something similar to `org.seleniumhq.selenium:selenium-devtools-v86:4.16.1` where the version ("v86") matches the version of the chromium-based browser you're using and the version number of the artifact is the same as Selenium's.
[main] INFO com.rumeysablog.hooks.TestHooks - Senaryo başlıyor: Anasayfadaki kişisel bilgilerin doğrulanması
[main] INFO com.rumeysablog.steps.HomePageSteps - Blog anasayfası açılıyor
[main] INFO com.rumeysablog.steps.HomePageSteps - İsim kontrolü yapılıyor: Nazife Rumeysa Kısacık
[main] INFO com.rumeysablog.pages.BasePage - Waiting for element to be visible: [[ChromeDriver: chrome on windows (3bea19c8f8ffeb0580e40f77280ba9e7)] -> css selector: .hero-content h1]
[main] INFO com.rumeysablog.pages.BasePage - Waiting for element to be visible: [[ChromeDriver: chrome on windows (3bea19c8f8ffeb0580e40f77280ba9e7)] -> css selector: .hero-content h2]
[main] INFO com.rumeysablog.hooks.TestHooks - Senaryo başarıyla tamamlandı: Anasayfadaki kişisel bilgilerin doğrulanması
[main] INFO com.rumeysablog.utils.DriverManager - Closing browser
]]></system-err>
  </testcase>
  <testcase name="Navigasyon linklerinin doğrulanması" classname="Blog Anasayfa Fonksiyonları" time="3.652">
    <system-out><![CDATA[
Scenario: Navigasyon linklerinin doğrulanması            # src/test/resources/features/homepage.feature:10

    Test Başlangıç Zamanı: 2025-01-21T11:02:56.356166900


    Browser: chrome

  Given kullanıcı blog anasayfasında                     # com.rumeysablog.steps.HomePageSteps.kullaniciBlogAnasayfasinda()
  Then kullanıcı aşağıdaki navigasyon linklerini görmeli # com.rumeysablog.steps.HomePageSteps.kullaniciNavigasyonLinlkeriniGormeli(java.util.List<java.lang.String>)
    | Ana Sayfa |
    | Hakkımda  |
    | Blog      |
    | İletişim  |
]]></system-out>
    <system-err><![CDATA[[main] INFO com.rumeysablog.utils.DriverManager - Initializing chrome browser
[main] INFO io.github.bonigarcia.wdm.WebDriverManager - Using chromedriver 132.0.6834.83 (resolved driver for Chrome 132)
[main] INFO io.github.bonigarcia.wdm.WebDriverManager - Exporting webdriver.chrome.driver as C:\Users\HASVET\.cache\selenium\chromedriver\win64\132.0.6834.83\chromedriver.exe
Oca 21, 2025 11:02:56 ÖÖ org.openqa.selenium.devtools.CdpVersionFinder findNearestMatch
WARNING: Unable to find CDP implementation matching 132
Oca 21, 2025 11:02:56 ÖÖ org.openqa.selenium.chromium.ChromiumDriver lambda$new$5
WARNING: Unable to find version of CDP to use for 132.0.6834.83. You may need to include a dependency on a specific version of the CDP using something similar to `org.seleniumhq.selenium:selenium-devtools-v86:4.16.1` where the version ("v86") matches the version of the chromium-based browser you're using and the version number of the artifact is the same as Selenium's.
[main] INFO com.rumeysablog.hooks.TestHooks - Senaryo başlıyor: Navigasyon linklerinin doğrulanması
[main] INFO com.rumeysablog.steps.HomePageSteps - Blog anasayfası açılıyor
[main] INFO com.rumeysablog.pages.BasePage - Waiting for element to be visible: [[ChromeDriver: chrome on windows (d9d282ca74aa18b63529b5d826371577)] -> css selector: .nav-links li a]
[main] INFO com.rumeysablog.hooks.TestHooks - Senaryo başarıyla tamamlandı: Navigasyon linklerinin doğrulanması
[main] INFO com.rumeysablog.utils.DriverManager - Closing browser
]]></system-err>
  </testcase>
  <testcase name="Sosyal medya linklerinin doğrulanması" classname="Blog Anasayfa Fonksiyonları" time="3.913">
    <system-out><![CDATA[
Scenario: Sosyal medya linklerinin doğrulanması  # src/test/resources/features/homepage.feature:17

    Test Başlangıç Zamanı: 2025-01-21T11:02:59.944345300


    Browser: chrome

  Given kullanıcı blog anasayfasında             # com.rumeysablog.steps.HomePageSteps.kullaniciBlogAnasayfasinda()
  Then kullanıcı LinkedIn profil linkini görmeli # com.rumeysablog.steps.HomePageSteps.kullaniciLinkedInLinkiniGormeli()
  And kullanıcı GitHub profil linkini görmeli    # com.rumeysablog.steps.HomePageSteps.kullaniciGitHubLinkiniGormeli()
]]></system-out>
    <system-err><![CDATA[[main] INFO com.rumeysablog.utils.DriverManager - Initializing chrome browser
[main] INFO io.github.bonigarcia.wdm.WebDriverManager - Using chromedriver 132.0.6834.83 (resolved driver for Chrome 132)
[main] INFO io.github.bonigarcia.wdm.WebDriverManager - Exporting webdriver.chrome.driver as C:\Users\HASVET\.cache\selenium\chromedriver\win64\132.0.6834.83\chromedriver.exe
Oca 21, 2025 11:02:59 ÖÖ org.openqa.selenium.devtools.CdpVersionFinder findNearestMatch
WARNING: Unable to find CDP implementation matching 132
Oca 21, 2025 11:02:59 ÖÖ org.openqa.selenium.chromium.ChromiumDriver lambda$new$5
WARNING: Unable to find version of CDP to use for 132.0.6834.83. You may need to include a dependency on a specific version of the CDP using something similar to `org.seleniumhq.selenium:selenium-devtools-v86:4.16.1` where the version ("v86") matches the version of the chromium-based browser you're using and the version number of the artifact is the same as Selenium's.
[main] INFO com.rumeysablog.hooks.TestHooks - Senaryo başlıyor: Sosyal medya linklerinin doğrulanması
[main] INFO com.rumeysablog.steps.HomePageSteps - Blog anasayfası açılıyor
[main] INFO com.rumeysablog.pages.BasePage - Waiting for element to be visible: [[ChromeDriver: chrome on windows (01ba568fc78709e1dd5d43e60ab1397f)] -> css selector: .hero-social .fa-linkedin]
[main] INFO com.rumeysablog.pages.BasePage - Waiting for element to be visible: [[ChromeDriver: chrome on windows (01ba568fc78709e1dd5d43e60ab1397f)] -> css selector: .hero-social .fa-github]
[main] INFO com.rumeysablog.hooks.TestHooks - Senaryo başarıyla tamamlandı: Sosyal medya linklerinin doğrulanması
[main] INFO com.rumeysablog.utils.DriverManager - Closing browser
]]></system-err>
  </testcase>
  <testcase name="Hakkımda bölümü içeriğinin doğrulanması" classname="Blog Anasayfa Fonksiyonları" time="4.149">
    <system-out><![CDATA[
Scenario: Hakkımda bölümü içeriğinin doğrulanması # src/test/resources/features/homepage.feature:21

    Test Başlangıç Zamanı: 2025-01-21T11:03:04.039407800


    Browser: chrome

  Given kullanıcı blog anasayfasında              # com.rumeysablog.steps.HomePageSteps.kullaniciBlogAnasayfasinda()
  When kullanıcı Hakkımda bölümüne gider          # com.rumeysablog.steps.HomePageSteps.kullaniciHakkimdaBolumuneGider()
  Then kullanıcı yetenekler bölümünü görmeli      # com.rumeysablog.steps.HomePageSteps.kullaniciYeteneklerBolumunuGormeli()
  And kullanıcı deneyim bölümünü görmeli          # com.rumeysablog.steps.HomePageSteps.kullaniciDeneyimBolumunuGormeli()
  And kullanıcı eğitim bölümünü görmeli           # com.rumeysablog.steps.HomePageSteps.kullaniciEgitimBolumunuGormeli()
]]></system-out>
    <system-err><![CDATA[[main] INFO com.rumeysablog.utils.DriverManager - Initializing chrome browser
[main] INFO io.github.bonigarcia.wdm.WebDriverManager - Using chromedriver 132.0.6834.83 (resolved driver for Chrome 132)
[main] INFO io.github.bonigarcia.wdm.WebDriverManager - Exporting webdriver.chrome.driver as C:\Users\HASVET\.cache\selenium\chromedriver\win64\132.0.6834.83\chromedriver.exe
Oca 21, 2025 11:03:03 ÖÖ org.openqa.selenium.devtools.CdpVersionFinder findNearestMatch
WARNING: Unable to find CDP implementation matching 132
Oca 21, 2025 11:03:03 ÖÖ org.openqa.selenium.chromium.ChromiumDriver lambda$new$5
WARNING: Unable to find version of CDP to use for 132.0.6834.83. You may need to include a dependency on a specific version of the CDP using something similar to `org.seleniumhq.selenium:selenium-devtools-v86:4.16.1` where the version ("v86") matches the version of the chromium-based browser you're using and the version number of the artifact is the same as Selenium's.
[main] INFO com.rumeysablog.hooks.TestHooks - Senaryo başlıyor: Hakkımda bölümü içeriğinin doğrulanması
[main] INFO com.rumeysablog.steps.HomePageSteps - Blog anasayfası açılıyor
[main] INFO com.rumeysablog.pages.BasePage - Waiting for element to be visible: [[ChromeDriver: chrome on windows (d6d1662b586d42c683974793b110aaf7)] -> css selector: .skills-section]
[main] INFO com.rumeysablog.pages.BasePage - Waiting for element to be visible: [[ChromeDriver: chrome on windows (d6d1662b586d42c683974793b110aaf7)] -> css selector: .experience-section]
[main] INFO com.rumeysablog.pages.BasePage - Waiting for element to be visible: [[ChromeDriver: chrome on windows (d6d1662b586d42c683974793b110aaf7)] -> css selector: .education-section]
[main] INFO com.rumeysablog.hooks.TestHooks - Senaryo başarıyla tamamlandı: Hakkımda bölümü içeriğinin doğrulanması
[main] INFO com.rumeysablog.utils.DriverManager - Closing browser
]]></system-err>
  </testcase>
</testsuite>